Release 13.1 - ngc2edif O.40d (nt)
Copyright (c) 1995-2011 Xilinx, Inc.  All rights reserved.
Reading design encoder.ngc ...
WARNING:NetListWriters:298 - No output is written to encoder.xncf, ignored.
Processing design ...
   Preping design's networks ...
   Preping design's macros ...
  finished :Prep
Writing EDIF netlist file encoder.edif ...
ngc2edif: Total memory usage is 68724 kilobytes

Release 13.1 - ngc2edif O.40d (nt)
Copyright (c) 1995-2011 Xilinx, Inc.  All rights reserved.
Reading design encoder.ngc ...
WARNING:NetListWriters:298 - No output is written to encoder.xncf, ignored.
Processing design ...
   Preping design's networks ...
   Preping design's macros ...
  finished :Prep
Writing EDIF netlist file encoder.edif ...
ngc2edif: Total memory usage is 68788 kilobytes

