WARNING: C:\Xilinx\ISE_DS\ISE\lib\nt64 does not exist.
WARNING: C:\Xilinx\ISE_DS\ISE\bin\nt64 does not exist.

WARNING: %XILINX% does not contain 64bit executables. Defaulting to 32bit.


****** PlanAhead v13.1
  **** Build 117799 by hdbuild on Thu Feb 17 11:38:00 PST 2011
    ** Copyright 1986-1999, 2001-2011 Xilinx, Inc. All Rights Reserved.

INFO: [HD-Licensing 0] Attempting to get a license: PlanAhead
INFO: [HD-Licensing 1] Got a license: PlanAhead
INFO: [HD-Licensing 3] Your PlanAhead license expires in -1597 day(s)
INFO: [HD-ArchReader 0] Loading parts and site information from C:\Xilinx\ISE_DS\PlanAhead\parts\arch.xml
INFO: [HD-RTPRIM 0] Parsing RTL primitives file 'C:\Xilinx\ISE_DS\PlanAhead\parts\xilinx\rtl\prims\rtl_prims.xml'
INFO: [HD-RTPRIM 1] Finished Parsing RTL primitives file 'C:\Xilinx\ISE_DS\PlanAhead\parts\xilinx\rtl\prims\rtl_prims.xml'
start_gui -source C:/Users/AADHITHAN/Documents/xilinx/Dflipflopexam/pa.fromHdl.tcl
starting gui ...
# create_project -name Dflipflopexam -dir "C:/Users/AADHITHAN/Documents/xilinx/Dflipflopexam/planAhead_run_1" -part xc6slx4tqg144-3
Parsing template File [C:\Xilinx\ISE_DS\ISE\data\projnav\templates\verilog.xml].
Finished parsing template File [C:\Xilinx\ISE_DS\ISE\data\projnav\templates\verilog.xml].
Parsing template File [C:\Xilinx\ISE_DS\ISE\data\projnav\templates\vhdl.xml].
Qt: Untested Windows version 6.2 detected!
Finished parsing template File [C:\Xilinx\ISE_DS\ISE\data\projnav\templates\vhdl.xml].
Parsing template File [C:\Xilinx\ISE_DS\ISE\data\projnav\templates\ucf.xml].
Finished parsing template File [C:\Xilinx\ISE_DS\ISE\data\projnav\templates\ucf.xml].
# set_param project.pinAheadLayout yes
# set srcset [get_property srcset [current_run -impl]]
# set_property top Dflipflopexam $srcset
# set_param project.paUcfFile  "Dflipflopexam.ucf"
# set hdlfile [add_files [list {Dflipflopexam.v}]]
# set_property file_type Verilog $hdlfile
# set_property library work $hdlfile
# add_files "Dflipflopexam.ucf" -fileset [get_property constrset [current_run]]
# open_rtl_design -part xc6slx4tqg144-3
INFO: [PlanAhead-58] Using the Verific elaboration engine
Parsing VHDL file "C:\Xilinx\ISE_DS\PlanAhead\parts\xilinx\rtl\lib\synplify\synattr.vhd" into library synplify
Parsing package <attributes>.
Analyzing Verilog file "C:\Users\AADHITHAN\Documents\xilinx\Dflipflopexam\Dflipflopexam.v" into library work
Parsing module <Dflipflopexam>.
INFO: [HDL-1106] Verilog file C:\Users\AADHITHAN\Documents\xilinx\Dflipflopexam\Dflipflopexam.v ignored due to errors
Removing all analyzed parse trees
exit
INFO: [HD-Application 0] Exiting PlanAhead...
INFO: [HD-Licensing 2] Releasing license: PlanAhead
