Release 13.1 - ngc2edif O.40d (nt)
Copyright (c) 1995-2011 Xilinx, Inc.  All rights reserved.
Reading design dff.ngc ...
WARNING:NetListWriters:298 - No output is written to dff.xncf, ignored.
Processing design ...
   Preping design's networks ...
   Preping design's macros ...
  finished :Prep
Writing EDIF netlist file dff.edif ...
ngc2edif: Total memory usage is 72536 kilobytes

Release 13.1 - ngc2edif O.40d (nt)
Copyright (c) 1995-2011 Xilinx, Inc.  All rights reserved.
Reading design dff.ngc ...
WARNING:NetListWriters:298 - No output is written to dff.xncf, ignored.
Processing design ...
   Preping design's networks ...
   Preping design's macros ...
  finished :Prep
Writing EDIF netlist file dff.edif ...
ngc2edif: Total memory usage is 72472 kilobytes

Release 13.1 - ngc2edif O.40d (nt)
Copyright (c) 1995-2011 Xilinx, Inc.  All rights reserved.
Reading design dff.ngc ...
WARNING:NetListWriters:298 - No output is written to dff.xncf, ignored.
Processing design ...
   Preping design's networks ...
   Preping design's macros ...
  finished :Prep
Writing EDIF netlist file dff.edif ...
ngc2edif: Total memory usage is 72920 kilobytes

Release 13.1 - ngc2edif O.40d (nt)
Copyright (c) 1995-2011 Xilinx, Inc.  All rights reserved.
Reading design dff.ngc ...
WARNING:NetListWriters:298 - No output is written to dff.xncf, ignored.
Processing design ...
   Preping design's networks ...
   Preping design's macros ...
  finished :Prep
Writing EDIF netlist file dff.edif ...
ngc2edif: Total memory usage is 72856 kilobytes

