--------------------------------------------------------------------------------
Release 13.1 Trace  (nt)
Copyright (c) 1995-2011 Xilinx, Inc.  All rights reserved.

C:\Xilinx\ISE_DS\ISE\bin\nt\unwrapped\trce.exe -intstyle ise -v 3 -s 3 -n 3
-fastpaths -xml allgates.twx allgates.ncd -o allgates.twr allgates.pcf -ucf
allgates.ucf

Design file:              allgates.ncd
Physical constraint file: allgates.pcf
Device,package,speed:     xc6slx4,tqg144,C,-3 (PRODUCTION 1.17 2011-02-03)
Report level:             verbose report

Environment Variable      Effect 
--------------------      ------ 
NONE                      No environment variables were set
--------------------------------------------------------------------------------

INFO:Timing:2698 - No timing constraints found, doing default enumeration.
INFO:Timing:2752 - To get complete path coverage, use the unconstrained paths 
   option. All paths that are not constrained will be reported in the 
   unconstrained paths section(s) of the report.
INFO:Timing:3339 - The clock-to-out numbers in this timing report are based on 
   a 50 Ohm transmission line loading model.  For the details of this model, 
   and for more information on accounting for different loading conditions, 
   please see the device datasheet.



Data Sheet report:
-----------------
All values displayed in nanoseconds (ns)

Pad to Pad
---------------+---------------+---------+
Source Pad     |Destination Pad|  Delay  |
---------------+---------------+---------+
a1             |y1             |    7.457|
a2             |y2             |    6.940|
a3             |y3             |    7.093|
a4             |y4             |    7.025|
a4             |y6             |    7.136|
a5             |y5             |    7.272|
a7             |y7             |    6.459|
b1             |y1             |    6.989|
b2             |y2             |    6.842|
b3             |y3             |    7.234|
b4             |y4             |    7.069|
b4             |y6             |    7.180|
b5             |y5             |    7.597|
---------------+---------------+---------+


Analysis completed Sat Feb 16 04:56:57 2019 
--------------------------------------------------------------------------------

Trace Settings:
-------------------------
Trace Settings 

Peak Memory Usage: 150 MB



