--------------------------------------------------------------------------------
Release 13.1 Trace  (nt)
Copyright (c) 1995-2011 Xilinx, Inc.  All rights reserved.

C:\Xilinx\ISE_DS\ISE\bin\nt\unwrapped\trce.exe -intstyle ise -v 3 -s 3 -n 3
-fastpaths -xml decoder.twx decoder.ncd -o decoder.twr decoder.pcf -ucf
decoder.ucf

Design file:              decoder.ncd
Physical constraint file: decoder.pcf
Device,package,speed:     xc6slx4,tqg144,C,-3 (PRODUCTION 1.17 2011-02-03)
Report level:             verbose report

Environment Variable      Effect 
--------------------      ------ 
NONE                      No environment variables were set
--------------------------------------------------------------------------------

INFO:Timing:2698 - No timing constraints found, doing default enumeration.
INFO:Timing:2752 - To get complete path coverage, use the unconstrained paths 
   option. All paths that are not constrained will be reported in the 
   unconstrained paths section(s) of the report.
INFO:Timing:3339 - The clock-to-out numbers in this timing report are based on 
   a 50 Ohm transmission line loading model.  For the details of this model, 
   and for more information on accounting for different loading conditions, 
   please see the device datasheet.



Data Sheet report:
-----------------
All values displayed in nanoseconds (ns)

Pad to Pad
---------------+---------------+---------+
Source Pad     |Destination Pad|  Delay  |
---------------+---------------+---------+
i1             |o1             |    6.672|
i1             |o2             |    6.601|
i1             |o3             |    6.561|
i1             |o4             |    6.794|
i2             |o1             |    6.794|
i2             |o2             |    6.743|
i2             |o3             |    6.683|
i2             |o4             |    6.936|
---------------+---------------+---------+


Analysis completed Sat Feb 23 04:25:28 2019 
--------------------------------------------------------------------------------

Trace Settings:
-------------------------
Trace Settings 

Peak Memory Usage: 150 MB



