--------------------------------------------------------------------------------
Release 13.1 Trace  (nt)
Copyright (c) 1995-2011 Xilinx, Inc.  All rights reserved.

C:\Xilinx\ISE_DS\ISE\bin\nt\unwrapped\trce.exe -intstyle ise -v 3 -s 3 -n 3
-fastpaths -xml endsem.twx endsem.ncd -o endsem.twr endsem.pcf -ucf endsem.ucf

Design file:              endsem.ncd
Physical constraint file: endsem.pcf
Device,package,speed:     xc6slx4,tqg144,C,-3 (PRODUCTION 1.17 2011-02-03)
Report level:             verbose report

Environment Variable      Effect 
--------------------      ------ 
NONE                      No environment variables were set
--------------------------------------------------------------------------------

INFO:Timing:2698 - No timing constraints found, doing default enumeration.
INFO:Timing:2752 - To get complete path coverage, use the unconstrained paths 
   option. All paths that are not constrained will be reported in the 
   unconstrained paths section(s) of the report.
INFO:Timing:3339 - The clock-to-out numbers in this timing report are based on 
   a 50 Ohm transmission line loading model.  For the details of this model, 
   and for more information on accounting for different loading conditions, 
   please see the device datasheet.



Data Sheet report:
-----------------
All values displayed in nanoseconds (ns)

Pad to Pad
---------------+---------------+---------+
Source Pad     |Destination Pad|  Delay  |
---------------+---------------+---------+
i              |y0             |    7.091|
i              |y1             |    7.100|
i              |y2             |    7.459|
i              |y3             |    7.301|
i0             |y              |    6.753|
i1             |y              |    6.551|
i2             |y              |    6.784|
i3             |y              |    7.025|
s0             |y              |    6.945|
s1             |y              |    6.777|
s2             |y0             |    6.923|
s2             |y1             |    7.035|
s2             |y2             |    7.291|
s2             |y3             |    7.236|
s3             |y0             |    6.983|
s3             |y1             |    7.242|
s3             |y2             |    7.351|
s3             |y3             |    7.443|
---------------+---------------+---------+


Analysis completed Sat Mar 23 03:57:57 2019 
--------------------------------------------------------------------------------

Trace Settings:
-------------------------
Trace Settings 

Peak Memory Usage: 154 MB



